[0m11:24:48.770672 [debug] [MainThread]: Sending event: {'category': 'dbt', 'action': 'invocation', 'label': 'start', 'context': [<snowplow_tracker.self_describing_json.SelfDescribingJson object at 0x104d1aca0>, <snowplow_tracker.self_describing_json.SelfDescribingJson object at 0x105bbcc70>, <snowplow_tracker.self_describing_json.SelfDescribingJson object at 0x105bbc370>]}


============================== 11:24:48.773656 | 6de50b1c-d5cd-4df3-9af1-6b51b4bd4486 ==============================
[0m11:24:48.773656 [info ] [MainThread]: Running with dbt=1.9.2
[0m11:24:48.774011 [debug] [MainThread]: running dbt with arguments {'printer_width': '80', 'indirect_selection': 'eager', 'write_json': 'True', 'log_cache_events': 'False', 'partial_parse': 'True', 'cache_selected_only': 'False', 'warn_error': 'None', 'version_check': 'True', 'profiles_dir': '/Users/omondidenzel/.dbt', 'log_path': 'logs', 'fail_fast': 'False', 'debug': 'False', 'use_colors': 'True', 'use_experimental_parser': 'False', 'empty': 'None', 'quiet': 'False', 'no_print': 'None', 'warn_error_options': 'WarnErrorOptions(include=[], exclude=[])', 'introspect': 'True', 'invocation_command': 'dbt init', 'log_format': 'default', 'target_path': 'None', 'static_parser': 'True', 'send_anonymous_usage_stats': 'True'}
[0m11:24:57.220795 [debug] [MainThread]: Starter project path: /Users/omondidenzel/Desktop/EducateTest/venv/lib/python3.9/site-packages/dbt/include/starter_project
[0m11:24:57.235050 [info ] [MainThread]: 
Your new dbt project "educate" was created!

For more information on how to configure the profiles.yml file,
please consult the dbt documentation here:

  https://docs.getdbt.com/docs/configure-your-profile

One more thing:

Need help? Don't hesitate to reach out to us via GitHub issues or on Slack:

  https://community.getdbt.com/

Happy modeling!

[0m11:24:57.235817 [info ] [MainThread]: Setting up your profile.
[0m11:27:33.812337 [info ] [MainThread]: Profile educate written to /Users/omondidenzel/.dbt/profiles.yml using target's profile_template.yml and your supplied values. Run 'dbt debug' to validate the connection.
[0m11:27:33.837036 [debug] [MainThread]: Resource report: {"command_name": "init", "command_success": true, "command_wall_clock_time": 165.1098, "process_in_blocks": "0", "process_kernel_time": 0.240338, "process_mem_max_rss": "86802432", "process_out_blocks": "0", "process_user_time": 0.912042}
[0m11:27:33.837902 [debug] [MainThread]: Command `dbt init` succeeded at 11:27:33.837730 after 165.11 seconds
[0m11:27:33.838754 [debug] [MainThread]: Sending event: {'category': 'dbt', 'action': 'invocation', 'label': 'end', 'context': [<snowplow_tracker.self_describing_json.SelfDescribingJson object at 0x104d1aca0>, <snowplow_tracker.self_describing_json.SelfDescribingJson object at 0x105b88d90>, <snowplow_tracker.self_describing_json.SelfDescribingJson object at 0x105c0b580>]}
[0m11:27:33.839609 [debug] [MainThread]: Flushing usage events
[0m11:27:36.127849 [debug] [MainThread]: An error was encountered while trying to flush usage events
